
Fatal error: Composer detected issues in your platform: Your Composer dependencies require a PHP version ">= 8.2.0". You are running 8.0.30. in /var/www/html/vendor/composer/platform_check.php on line 24

Call Stack:
    0.0482     391528   1. {main}() /var/www/html/artisan:0
    0.0533     394688   2. require('/var/www/html/vendor/autoload.php') /var/www/html/artisan:9
    0.0556     402952   3. ComposerAutoloaderInit7e8c3c14ff33b199b4a0838993eb8423::getLoader() /var/www/html/vendor/autoload.php:25
    0.0579     407200   4. require('/var/www/html/vendor/composer/platform_check.php') /var/www/html/vendor/composer/autoload_real.php:25
    0.0581     407776   5. trigger_error($message = 'Composer detected issues in your platform: Your Composer dependencies require a PHP version ">= 8.2.0". You are running 8.0.30.', $error_level = 256) /var/www/html/vendor/composer/platform_check.php:24


Fatal error: Composer detected issues in your platform: Your Composer dependencies require a PHP version ">= 8.2.0". You are running 8.0.30. in /var/www/html/vendor/composer/platform_check.php on line 24

Call Stack:
    0.0029     391528   1. {main}() /var/www/html/artisan:0
    0.0186     394688   2. require('/var/www/html/vendor/autoload.php') /var/www/html/artisan:9
    0.0206     402952   3. ComposerAutoloaderInit7e8c3c14ff33b199b4a0838993eb8423::getLoader() /var/www/html/vendor/autoload.php:25
    0.0307     407200   4. require('/var/www/html/vendor/composer/platform_check.php') /var/www/html/vendor/composer/autoload_real.php:25
    0.0308     407776   5. trigger_error($message = 'Composer detected issues in your platform: Your Composer dependencies require a PHP version ">= 8.2.0". You are running 8.0.30.', $error_level = 256) /var/www/html/vendor/composer/platform_check.php:24


Fatal error: Composer detected issues in your platform: Your Composer dependencies require a PHP version ">= 8.2.0". You are running 8.0.30. in /var/www/html/vendor/composer/platform_check.php on line 24

Call Stack:
    0.3461     391528   1. {main}() /var/www/html/artisan:0
    1.3935     394688   2. require('/var/www/html/vendor/autoload.php') /var/www/html/artisan:9
    1.4704     402952   3. ComposerAutoloaderInit7e8c3c14ff33b199b4a0838993eb8423::getLoader() /var/www/html/vendor/autoload.php:25
    1.4762     407200   4. require('/var/www/html/vendor/composer/platform_check.php') /var/www/html/vendor/composer/autoload_real.php:25
    1.4762     407776   5. trigger_error($message = 'Composer detected issues in your platform: Your Composer dependencies require a PHP version ">= 8.2.0". You are running 8.0.30.', $error_level = 256) /var/www/html/vendor/composer/platform_check.php:24


Fatal error: Composer detected issues in your platform: Your Composer dependencies require a PHP version ">= 8.2.0". You are running 8.0.30. in /var/www/html/vendor/composer/platform_check.php on line 24

Call Stack:
    0.0047     391528   1. {main}() /var/www/html/artisan:0
    0.0085     394688   2. require('/var/www/html/vendor/autoload.php') /var/www/html/artisan:9
    0.0097     402952   3. ComposerAutoloaderInit7e8c3c14ff33b199b4a0838993eb8423::getLoader() /var/www/html/vendor/autoload.php:25
    0.0140     407200   4. require('/var/www/html/vendor/composer/platform_check.php') /var/www/html/vendor/composer/autoload_real.php:25
    0.0140     407776   5. trigger_error($message = 'Composer detected issues in your platform: Your Composer dependencies require a PHP version ">= 8.2.0". You are running 8.0.30.', $error_level = 256) /var/www/html/vendor/composer/platform_check.php:24


Fatal error: Composer detected issues in your platform: Your Composer dependencies require a PHP version ">= 8.2.0". You are running 8.0.30. in /var/www/html/vendor/composer/platform_check.php on line 24

Call Stack:
    0.0039     391528   1. {main}() /var/www/html/artisan:0
    0.0073     394688   2. require('/var/www/html/vendor/autoload.php') /var/www/html/artisan:9
    0.0626     402952   3. ComposerAutoloaderInit7e8c3c14ff33b199b4a0838993eb8423::getLoader() /var/www/html/vendor/autoload.php:25
    0.1221     407200   4. require('/var/www/html/vendor/composer/platform_check.php') /var/www/html/vendor/composer/autoload_real.php:25
    0.1222     407776   5. trigger_error($message = 'Composer detected issues in your platform: Your Composer dependencies require a PHP version ">= 8.2.0". You are running 8.0.30.', $error_level = 256) /var/www/html/vendor/composer/platform_check.php:24


Fatal error: Composer detected issues in your platform: Your Composer dependencies require a PHP version ">= 8.2.0". You are running 8.0.30. in /var/www/html/vendor/composer/platform_check.php on line 24

Call Stack:
    0.0379     391528   1. {main}() /var/www/html/artisan:0
    0.0388     394688   2. require('/var/www/html/vendor/autoload.php') /var/www/html/artisan:9
    0.0396     402952   3. ComposerAutoloaderInit7e8c3c14ff33b199b4a0838993eb8423::getLoader() /var/www/html/vendor/autoload.php:25
    0.0408     407200   4. require('/var/www/html/vendor/composer/platform_check.php') /var/www/html/vendor/composer/autoload_real.php:25
    0.0408     407776   5. trigger_error($message = 'Composer detected issues in your platform: Your Composer dependencies require a PHP version ">= 8.2.0". You are running 8.0.30.', $error_level = 256) /var/www/html/vendor/composer/platform_check.php:24


Fatal error: Composer detected issues in your platform: Your Composer dependencies require a PHP version ">= 8.2.0". You are running 8.0.30. in /var/www/html/vendor/composer/platform_check.php on line 24

Call Stack:
    0.0016     391528   1. {main}() /var/www/html/artisan:0
    0.0150     394688   2. require('/var/www/html/vendor/autoload.php') /var/www/html/artisan:9
    0.0160     402952   3. ComposerAutoloaderInit7e8c3c14ff33b199b4a0838993eb8423::getLoader() /var/www/html/vendor/autoload.php:25
    0.0171     407200   4. require('/var/www/html/vendor/composer/platform_check.php') /var/www/html/vendor/composer/autoload_real.php:25
    0.0171     407776   5. trigger_error($message = 'Composer detected issues in your platform: Your Composer dependencies require a PHP version ">= 8.2.0". You are running 8.0.30.', $error_level = 256) /var/www/html/vendor/composer/platform_check.php:24


Fatal error: Composer detected issues in your platform: Your Composer dependencies require a PHP version ">= 8.2.0". You are running 8.0.30. in /var/www/html/vendor/composer/platform_check.php on line 24

Call Stack:
    0.0067     391528   1. {main}() /var/www/html/artisan:0
    0.0135     394688   2. require('/var/www/html/vendor/autoload.php') /var/www/html/artisan:9
    0.0523     402952   3. ComposerAutoloaderInit7e8c3c14ff33b199b4a0838993eb8423::getLoader() /var/www/html/vendor/autoload.php:25
    0.1816     407200   4. require('/var/www/html/vendor/composer/platform_check.php') /var/www/html/vendor/composer/autoload_real.php:25
    0.1816     407776   5. trigger_error($message = 'Composer detected issues in your platform: Your Composer dependencies require a PHP version ">= 8.2.0". You are running 8.0.30.', $error_level = 256) /var/www/html/vendor/composer/platform_check.php:24


Fatal error: Composer detected issues in your platform: Your Composer dependencies require a PHP version ">= 8.2.0". You are running 8.0.30. in /var/www/html/vendor/composer/platform_check.php on line 24

Call Stack:
    0.0124     391528   1. {main}() /var/www/html/artisan:0
    0.0234     394688   2. require('/var/www/html/vendor/autoload.php') /var/www/html/artisan:9
    0.0262     402952   3. ComposerAutoloaderInit7e8c3c14ff33b199b4a0838993eb8423::getLoader() /var/www/html/vendor/autoload.php:25
    0.0286     407200   4. require('/var/www/html/vendor/composer/platform_check.php') /var/www/html/vendor/composer/autoload_real.php:25
    0.0286     407776   5. trigger_error($message = 'Composer detected issues in your platform: Your Composer dependencies require a PHP version ">= 8.2.0". You are running 8.0.30.', $error_level = 256) /var/www/html/vendor/composer/platform_check.php:24


Fatal error: Composer detected issues in your platform: Your Composer dependencies require a PHP version ">= 8.2.0". You are running 8.0.30. in /var/www/html/vendor/composer/platform_check.php on line 24

Call Stack:
    0.0007     391528   1. {main}() /var/www/html/artisan:0
    0.0013     394688   2. require('/var/www/html/vendor/autoload.php') /var/www/html/artisan:9
    0.0018     402952   3. ComposerAutoloaderInit7e8c3c14ff33b199b4a0838993eb8423::getLoader() /var/www/html/vendor/autoload.php:25
    0.0023     407200   4. require('/var/www/html/vendor/composer/platform_check.php') /var/www/html/vendor/composer/autoload_real.php:25
    0.0024     407776   5. trigger_error($message = 'Composer detected issues in your platform: Your Composer dependencies require a PHP version ">= 8.2.0". You are running 8.0.30.', $error_level = 256) /var/www/html/vendor/composer/platform_check.php:24


Fatal error: Composer detected issues in your platform: Your Composer dependencies require a PHP version ">= 8.2.0". You are running 8.0.30. in /var/www/html/vendor/composer/platform_check.php on line 24

Call Stack:
    0.0546     391528   1. {main}() /var/www/html/artisan:0
    0.0848     394688   2. require('/var/www/html/vendor/autoload.php') /var/www/html/artisan:9
    0.1064     402952   3. ComposerAutoloaderInit7e8c3c14ff33b199b4a0838993eb8423::getLoader() /var/www/html/vendor/autoload.php:25
    0.1165     407200   4. require('/var/www/html/vendor/composer/platform_check.php') /var/www/html/vendor/composer/autoload_real.php:25
    0.1165     407776   5. trigger_error($message = 'Composer detected issues in your platform: Your Composer dependencies require a PHP version ">= 8.2.0". You are running 8.0.30.', $error_level = 256) /var/www/html/vendor/composer/platform_check.php:24


Fatal error: Composer detected issues in your platform: Your Composer dependencies require a PHP version ">= 8.2.0". You are running 8.0.30. in /var/www/html/vendor/composer/platform_check.php on line 24

Call Stack:
    0.0122     391528   1. {main}() /var/www/html/artisan:0
    0.0168     394688   2. require('/var/www/html/vendor/autoload.php') /var/www/html/artisan:9
    0.0306     402952   3. ComposerAutoloaderInit7e8c3c14ff33b199b4a0838993eb8423::getLoader() /var/www/html/vendor/autoload.php:25
    0.0316     407200   4. require('/var/www/html/vendor/composer/platform_check.php') /var/www/html/vendor/composer/autoload_real.php:25
    0.0316     407776   5. trigger_error($message = 'Composer detected issues in your platform: Your Composer dependencies require a PHP version ">= 8.2.0". You are running 8.0.30.', $error_level = 256) /var/www/html/vendor/composer/platform_check.php:24


Fatal error: Composer detected issues in your platform: Your Composer dependencies require a PHP version ">= 8.2.0". You are running 8.0.30. in /var/www/html/vendor/composer/platform_check.php on line 24

Call Stack:
    0.0055     391528   1. {main}() /var/www/html/artisan:0
    0.0100     394688   2. require('/var/www/html/vendor/autoload.php') /var/www/html/artisan:9
    0.0165     402952   3. ComposerAutoloaderInit7e8c3c14ff33b199b4a0838993eb8423::getLoader() /var/www/html/vendor/autoload.php:25
    0.0189     407200   4. require('/var/www/html/vendor/composer/platform_check.php') /var/www/html/vendor/composer/autoload_real.php:25
    0.0190     407776   5. trigger_error($message = 'Composer detected issues in your platform: Your Composer dependencies require a PHP version ">= 8.2.0". You are running 8.0.30.', $error_level = 256) /var/www/html/vendor/composer/platform_check.php:24


Fatal error: Composer detected issues in your platform: Your Composer dependencies require a PHP version ">= 8.2.0". You are running 8.0.30. in /var/www/html/vendor/composer/platform_check.php on line 24

Call Stack:
    0.0016     391528   1. {main}() /var/www/html/artisan:0
    0.0024     394688   2. require('/var/www/html/vendor/autoload.php') /var/www/html/artisan:9
    0.0040     402952   3. ComposerAutoloaderInit7e8c3c14ff33b199b4a0838993eb8423::getLoader() /var/www/html/vendor/autoload.php:25
    0.0094     407200   4. require('/var/www/html/vendor/composer/platform_check.php') /var/www/html/vendor/composer/autoload_real.php:25
    0.0094     407776   5. trigger_error($message = 'Composer detected issues in your platform: Your Composer dependencies require a PHP version ">= 8.2.0". You are running 8.0.30.', $error_level = 256) /var/www/html/vendor/composer/platform_check.php:24


Fatal error: Composer detected issues in your platform: Your Composer dependencies require a PHP version ">= 8.2.0". You are running 8.0.30. in /var/www/html/vendor/composer/platform_check.php on line 24

Call Stack:
    0.0100     391528   1. {main}() /var/www/html/artisan:0
    0.0158     394688   2. require('/var/www/html/vendor/autoload.php') /var/www/html/artisan:9
    0.0199     402952   3. ComposerAutoloaderInit7e8c3c14ff33b199b4a0838993eb8423::getLoader() /var/www/html/vendor/autoload.php:25
    0.0229     407200   4. require('/var/www/html/vendor/composer/platform_check.php') /var/www/html/vendor/composer/autoload_real.php:25
    0.0230     407776   5. trigger_error($message = 'Composer detected issues in your platform: Your Composer dependencies require a PHP version ">= 8.2.0". You are running 8.0.30.', $error_level = 256) /var/www/html/vendor/composer/platform_check.php:24


Fatal error: Composer detected issues in your platform: Your Composer dependencies require a PHP version ">= 8.2.0". You are running 8.0.30. in /var/www/html/vendor/composer/platform_check.php on line 24

Call Stack:
    0.0338     391528   1. {main}() /var/www/html/artisan:0
    0.0390     394688   2. require('/var/www/html/vendor/autoload.php') /var/www/html/artisan:9
    0.0406     402952   3. ComposerAutoloaderInit7e8c3c14ff33b199b4a0838993eb8423::getLoader() /var/www/html/vendor/autoload.php:25
    0.0512     407200   4. require('/var/www/html/vendor/composer/platform_check.php') /var/www/html/vendor/composer/autoload_real.php:25
    0.0513     407776   5. trigger_error($message = 'Composer detected issues in your platform: Your Composer dependencies require a PHP version ">= 8.2.0". You are running 8.0.30.', $error_level = 256) /var/www/html/vendor/composer/platform_check.php:24


Fatal error: Composer detected issues in your platform: Your Composer dependencies require a PHP version ">= 8.2.0". You are running 8.0.30. in /var/www/html/vendor/composer/platform_check.php on line 24

Call Stack:
    0.0011     391528   1. {main}() /var/www/html/artisan:0
    0.0041     394688   2. require('/var/www/html/vendor/autoload.php') /var/www/html/artisan:9
    0.0051     402952   3. ComposerAutoloaderInit7e8c3c14ff33b199b4a0838993eb8423::getLoader() /var/www/html/vendor/autoload.php:25
    0.0141     407200   4. require('/var/www/html/vendor/composer/platform_check.php') /var/www/html/vendor/composer/autoload_real.php:25
    0.0141     407776   5. trigger_error($message = 'Composer detected issues in your platform: Your Composer dependencies require a PHP version ">= 8.2.0". You are running 8.0.30.', $error_level = 256) /var/www/html/vendor/composer/platform_check.php:24


Fatal error: Composer detected issues in your platform: Your Composer dependencies require a PHP version ">= 8.2.0". You are running 8.0.30. in /var/www/html/vendor/composer/platform_check.php on line 24

Call Stack:
    0.0020     391528   1. {main}() /var/www/html/artisan:0
    0.0033     394688   2. require('/var/www/html/vendor/autoload.php') /var/www/html/artisan:9
    0.0220     402952   3. ComposerAutoloaderInit7e8c3c14ff33b199b4a0838993eb8423::getLoader() /var/www/html/vendor/autoload.php:25
    0.0227     407200   4. require('/var/www/html/vendor/composer/platform_check.php') /var/www/html/vendor/composer/autoload_real.php:25
    0.0227     407776   5. trigger_error($message = 'Composer detected issues in your platform: Your Composer dependencies require a PHP version ">= 8.2.0". You are running 8.0.30.', $error_level = 256) /var/www/html/vendor/composer/platform_check.php:24


Fatal error: Composer detected issues in your platform: Your Composer dependencies require a PHP version ">= 8.2.0". You are running 8.0.30. in /var/www/html/vendor/composer/platform_check.php on line 24

Call Stack:
    0.0106     391528   1. {main}() /var/www/html/artisan:0
    0.0116     394688   2. require('/var/www/html/vendor/autoload.php') /var/www/html/artisan:9
    0.0137     402952   3. ComposerAutoloaderInit7e8c3c14ff33b199b4a0838993eb8423::getLoader() /var/www/html/vendor/autoload.php:25
    0.0158     407200   4. require('/var/www/html/vendor/composer/platform_check.php') /var/www/html/vendor/composer/autoload_real.php:25
    0.0159     407776   5. trigger_error($message = 'Composer detected issues in your platform: Your Composer dependencies require a PHP version ">= 8.2.0". You are running 8.0.30.', $error_level = 256) /var/www/html/vendor/composer/platform_check.php:24


Fatal error: Composer detected issues in your platform: Your Composer dependencies require a PHP version ">= 8.2.0". You are running 8.0.30. in /var/www/html/vendor/composer/platform_check.php on line 24

Call Stack:
    0.0124     391528   1. {main}() /var/www/html/artisan:0
    0.0133     394688   2. require('/var/www/html/vendor/autoload.php') /var/www/html/artisan:9
    0.0142     402952   3. ComposerAutoloaderInit7e8c3c14ff33b199b4a0838993eb8423::getLoader() /var/www/html/vendor/autoload.php:25
    0.0150     407200   4. require('/var/www/html/vendor/composer/platform_check.php') /var/www/html/vendor/composer/autoload_real.php:25
    0.0150     407776   5. trigger_error($message = 'Composer detected issues in your platform: Your Composer dependencies require a PHP version ">= 8.2.0". You are running 8.0.30.', $error_level = 256) /var/www/html/vendor/composer/platform_check.php:24


Fatal error: Composer detected issues in your platform: Your Composer dependencies require a PHP version ">= 8.2.0". You are running 8.0.30. in /var/www/html/vendor/composer/platform_check.php on line 24

Call Stack:
    0.0069     391528   1. {main}() /var/www/html/artisan:0
    0.0159     394688   2. require('/var/www/html/vendor/autoload.php') /var/www/html/artisan:9
    0.0177     402952   3. ComposerAutoloaderInit7e8c3c14ff33b199b4a0838993eb8423::getLoader() /var/www/html/vendor/autoload.php:25
    0.0207     407200   4. require('/var/www/html/vendor/composer/platform_check.php') /var/www/html/vendor/composer/autoload_real.php:25
    0.0207     407776   5. trigger_error($message = 'Composer detected issues in your platform: Your Composer dependencies require a PHP version ">= 8.2.0". You are running 8.0.30.', $error_level = 256) /var/www/html/vendor/composer/platform_check.php:24


Fatal error: Composer detected issues in your platform: Your Composer dependencies require a PHP version ">= 8.2.0". You are running 8.0.30. in /var/www/html/vendor/composer/platform_check.php on line 24

Call Stack:
    0.0040     391528   1. {main}() /var/www/html/artisan:0
    0.0073     394688   2. require('/var/www/html/vendor/autoload.php') /var/www/html/artisan:9
    0.0109     402952   3. ComposerAutoloaderInit7e8c3c14ff33b199b4a0838993eb8423::getLoader() /var/www/html/vendor/autoload.php:25
    0.0125     407200   4. require('/var/www/html/vendor/composer/platform_check.php') /var/www/html/vendor/composer/autoload_real.php:25
    0.0125     407776   5. trigger_error($message = 'Composer detected issues in your platform: Your Composer dependencies require a PHP version ">= 8.2.0". You are running 8.0.30.', $error_level = 256) /var/www/html/vendor/composer/platform_check.php:24


Fatal error: Composer detected issues in your platform: Your Composer dependencies require a PHP version ">= 8.2.0". You are running 8.0.30. in /var/www/html/vendor/composer/platform_check.php on line 24

Call Stack:
    0.0072     391528   1. {main}() /var/www/html/artisan:0
    0.0256     394688   2. require('/var/www/html/vendor/autoload.php') /var/www/html/artisan:9
    0.0275     402952   3. ComposerAutoloaderInit7e8c3c14ff33b199b4a0838993eb8423::getLoader() /var/www/html/vendor/autoload.php:25
    0.0305     407200   4. require('/var/www/html/vendor/composer/platform_check.php') /var/www/html/vendor/composer/autoload_real.php:25
    0.0305     407776   5. trigger_error($message = 'Composer detected issues in your platform: Your Composer dependencies require a PHP version ">= 8.2.0". You are running 8.0.30.', $error_level = 256) /var/www/html/vendor/composer/platform_check.php:24


Fatal error: Composer detected issues in your platform: Your Composer dependencies require a PHP version ">= 8.2.0". You are running 8.0.30. in /var/www/html/vendor/composer/platform_check.php on line 24

Call Stack:
    0.0136     391528   1. {main}() /var/www/html/artisan:0
    0.0168     394688   2. require('/var/www/html/vendor/autoload.php') /var/www/html/artisan:9
    0.0181     402952   3. ComposerAutoloaderInit7e8c3c14ff33b199b4a0838993eb8423::getLoader() /var/www/html/vendor/autoload.php:25
    0.0205     407200   4. require('/var/www/html/vendor/composer/platform_check.php') /var/www/html/vendor/composer/autoload_real.php:25
    0.0205     407776   5. trigger_error($message = 'Composer detected issues in your platform: Your Composer dependencies require a PHP version ">= 8.2.0". You are running 8.0.30.', $error_level = 256) /var/www/html/vendor/composer/platform_check.php:24


Fatal error: Composer detected issues in your platform: Your Composer dependencies require a PHP version ">= 8.2.0". You are running 8.0.30. in /var/www/html/vendor/composer/platform_check.php on line 24

Call Stack:
    0.0066     391528   1. {main}() /var/www/html/artisan:0
    0.0088     394688   2. require('/var/www/html/vendor/autoload.php') /var/www/html/artisan:9
    0.0211     402952   3. ComposerAutoloaderInit7e8c3c14ff33b199b4a0838993eb8423::getLoader() /var/www/html/vendor/autoload.php:25
    0.0272     407200   4. require('/var/www/html/vendor/composer/platform_check.php') /var/www/html/vendor/composer/autoload_real.php:25
    0.0272     407776   5. trigger_error($message = 'Composer detected issues in your platform: Your Composer dependencies require a PHP version ">= 8.2.0". You are running 8.0.30.', $error_level = 256) /var/www/html/vendor/composer/platform_check.php:24


Fatal error: Composer detected issues in your platform: Your Composer dependencies require a PHP version ">= 8.2.0". You are running 8.0.30. in /var/www/html/vendor/composer/platform_check.php on line 24

Call Stack:
    0.0062     391528   1. {main}() /var/www/html/artisan:0
    0.0107     394688   2. require('/var/www/html/vendor/autoload.php') /var/www/html/artisan:9
    0.0139     402952   3. ComposerAutoloaderInit7e8c3c14ff33b199b4a0838993eb8423::getLoader() /var/www/html/vendor/autoload.php:25
    0.0171     407200   4. require('/var/www/html/vendor/composer/platform_check.php') /var/www/html/vendor/composer/autoload_real.php:25
    0.0171     407776   5. trigger_error($message = 'Composer detected issues in your platform: Your Composer dependencies require a PHP version ">= 8.2.0". You are running 8.0.30.', $error_level = 256) /var/www/html/vendor/composer/platform_check.php:24


Fatal error: Composer detected issues in your platform: Your Composer dependencies require a PHP version ">= 8.2.0". You are running 8.0.30. in /var/www/html/vendor/composer/platform_check.php on line 24

Call Stack:
    0.0006     391528   1. {main}() /var/www/html/artisan:0
    0.0059     394688   2. require('/var/www/html/vendor/autoload.php') /var/www/html/artisan:9
    0.0078     402952   3. ComposerAutoloaderInit7e8c3c14ff33b199b4a0838993eb8423::getLoader() /var/www/html/vendor/autoload.php:25
    0.0083     407200   4. require('/var/www/html/vendor/composer/platform_check.php') /var/www/html/vendor/composer/autoload_real.php:25
    0.0084     407776   5. trigger_error($message = 'Composer detected issues in your platform: Your Composer dependencies require a PHP version ">= 8.2.0". You are running 8.0.30.', $error_level = 256) /var/www/html/vendor/composer/platform_check.php:24


Fatal error: Composer detected issues in your platform: Your Composer dependencies require a PHP version ">= 8.2.0". You are running 8.0.30. in /var/www/html/vendor/composer/platform_check.php on line 24

Call Stack:
    0.0012     391528   1. {main}() /var/www/html/artisan:0
    0.0023     394688   2. require('/var/www/html/vendor/autoload.php') /var/www/html/artisan:9
    0.0034     402952   3. ComposerAutoloaderInit7e8c3c14ff33b199b4a0838993eb8423::getLoader() /var/www/html/vendor/autoload.php:25
    0.0068     407200   4. require('/var/www/html/vendor/composer/platform_check.php') /var/www/html/vendor/composer/autoload_real.php:25
    0.0069     407776   5. trigger_error($message = 'Composer detected issues in your platform: Your Composer dependencies require a PHP version ">= 8.2.0". You are running 8.0.30.', $error_level = 256) /var/www/html/vendor/composer/platform_check.php:24


Fatal error: Composer detected issues in your platform: Your Composer dependencies require a PHP version ">= 8.2.0". You are running 8.0.30. in /var/www/html/vendor/composer/platform_check.php on line 24

Call Stack:
    0.0003     391528   1. {main}() /var/www/html/artisan:0
    0.0009     394688   2. require('/var/www/html/vendor/autoload.php') /var/www/html/artisan:9
    0.0043     402952   3. ComposerAutoloaderInit7e8c3c14ff33b199b4a0838993eb8423::getLoader() /var/www/html/vendor/autoload.php:25
    0.0074     407200   4. require('/var/www/html/vendor/composer/platform_check.php') /var/www/html/vendor/composer/autoload_real.php:25
    0.0075     407776   5. trigger_error($message = 'Composer detected issues in your platform: Your Composer dependencies require a PHP version ">= 8.2.0". You are running 8.0.30.', $error_level = 256) /var/www/html/vendor/composer/platform_check.php:24


Fatal error: Composer detected issues in your platform: Your Composer dependencies require a PHP version ">= 8.2.0". You are running 8.0.30. in /var/www/html/vendor/composer/platform_check.php on line 24

Call Stack:
    0.0017     391528   1. {main}() /var/www/html/artisan:0
    0.0072     394688   2. require('/var/www/html/vendor/autoload.php') /var/www/html/artisan:9
    0.0082     402952   3. ComposerAutoloaderInit7e8c3c14ff33b199b4a0838993eb8423::getLoader() /var/www/html/vendor/autoload.php:25
    0.0119     407200   4. require('/var/www/html/vendor/composer/platform_check.php') /var/www/html/vendor/composer/autoload_real.php:25
    0.0135     407776   5. trigger_error($message = 'Composer detected issues in your platform: Your Composer dependencies require a PHP version ">= 8.2.0". You are running 8.0.30.', $error_level = 256) /var/www/html/vendor/composer/platform_check.php:24


Fatal error: Composer detected issues in your platform: Your Composer dependencies require a PHP version ">= 8.2.0". You are running 8.0.30. in /var/www/html/vendor/composer/platform_check.php on line 24

Call Stack:
    0.0125     391528   1. {main}() /var/www/html/artisan:0
    0.0212     394688   2. require('/var/www/html/vendor/autoload.php') /var/www/html/artisan:9
    0.0220     402952   3. ComposerAutoloaderInit7e8c3c14ff33b199b4a0838993eb8423::getLoader() /var/www/html/vendor/autoload.php:25
    0.0251     407200   4. require('/var/www/html/vendor/composer/platform_check.php') /var/www/html/vendor/composer/autoload_real.php:25
    0.0252     407776   5. trigger_error($message = 'Composer detected issues in your platform: Your Composer dependencies require a PHP version ">= 8.2.0". You are running 8.0.30.', $error_level = 256) /var/www/html/vendor/composer/platform_check.php:24


Fatal error: Composer detected issues in your platform: Your Composer dependencies require a PHP version ">= 8.2.0". You are running 8.0.30. in /var/www/html/vendor/composer/platform_check.php on line 24

Call Stack:
    0.1362     391528   1. {main}() /var/www/html/artisan:0
    0.1403     394688   2. require('/var/www/html/vendor/autoload.php') /var/www/html/artisan:9
    0.1416     402952   3. ComposerAutoloaderInit7e8c3c14ff33b199b4a0838993eb8423::getLoader() /var/www/html/vendor/autoload.php:25
    0.1428     407200   4. require('/var/www/html/vendor/composer/platform_check.php') /var/www/html/vendor/composer/autoload_real.php:25
    0.1428     407776   5. trigger_error($message = 'Composer detected issues in your platform: Your Composer dependencies require a PHP version ">= 8.2.0". You are running 8.0.30.', $error_level = 256) /var/www/html/vendor/composer/platform_check.php:24


Fatal error: Composer detected issues in your platform: Your Composer dependencies require a PHP version ">= 8.2.0". You are running 8.0.30. in /var/www/html/vendor/composer/platform_check.php on line 24

Call Stack:
    0.0007     391528   1. {main}() /var/www/html/artisan:0
    0.0043     394688   2. require('/var/www/html/vendor/autoload.php') /var/www/html/artisan:9
    0.0054     402952   3. ComposerAutoloaderInit7e8c3c14ff33b199b4a0838993eb8423::getLoader() /var/www/html/vendor/autoload.php:25
    0.0062     407200   4. require('/var/www/html/vendor/composer/platform_check.php') /var/www/html/vendor/composer/autoload_real.php:25
    0.0062     407776   5. trigger_error($message = 'Composer detected issues in your platform: Your Composer dependencies require a PHP version ">= 8.2.0". You are running 8.0.30.', $error_level = 256) /var/www/html/vendor/composer/platform_check.php:24


Fatal error: Composer detected issues in your platform: Your Composer dependencies require a PHP version ">= 8.2.0". You are running 8.0.30. in /var/www/html/vendor/composer/platform_check.php on line 24

Call Stack:
    0.0135     391528   1. {main}() /var/www/html/artisan:0
    0.0260     394688   2. require('/var/www/html/vendor/autoload.php') /var/www/html/artisan:9
    0.0383     402952   3. ComposerAutoloaderInit7e8c3c14ff33b199b4a0838993eb8423::getLoader() /var/www/html/vendor/autoload.php:25
    0.0399     407200   4. require('/var/www/html/vendor/composer/platform_check.php') /var/www/html/vendor/composer/autoload_real.php:25
    0.0400     407776   5. trigger_error($message = 'Composer detected issues in your platform: Your Composer dependencies require a PHP version ">= 8.2.0". You are running 8.0.30.', $error_level = 256) /var/www/html/vendor/composer/platform_check.php:24


Fatal error: Composer detected issues in your platform: Your Composer dependencies require a PHP version ">= 8.2.0". You are running 8.0.30. in /var/www/html/vendor/composer/platform_check.php on line 24

Call Stack:
    0.0126     391528   1. {main}() /var/www/html/artisan:0
    0.0369     394688   2. require('/var/www/html/vendor/autoload.php') /var/www/html/artisan:9
    0.0421     402952   3. ComposerAutoloaderInit7e8c3c14ff33b199b4a0838993eb8423::getLoader() /var/www/html/vendor/autoload.php:25
    0.0574     407200   4. require('/var/www/html/vendor/composer/platform_check.php') /var/www/html/vendor/composer/autoload_real.php:25
    0.0574     407776   5. trigger_error($message = 'Composer detected issues in your platform: Your Composer dependencies require a PHP version ">= 8.2.0". You are running 8.0.30.', $error_level = 256) /var/www/html/vendor/composer/platform_check.php:24


Fatal error: Composer detected issues in your platform: Your Composer dependencies require a PHP version ">= 8.2.0". You are running 8.0.30. in /var/www/html/vendor/composer/platform_check.php on line 24

Call Stack:
    0.0329     391528   1. {main}() /var/www/html/artisan:0
    0.0710     394688   2. require('/var/www/html/vendor/autoload.php') /var/www/html/artisan:9
    0.0992     402952   3. ComposerAutoloaderInit7e8c3c14ff33b199b4a0838993eb8423::getLoader() /var/www/html/vendor/autoload.php:25
    0.1027     407200   4. require('/var/www/html/vendor/composer/platform_check.php') /var/www/html/vendor/composer/autoload_real.php:25
    0.1027     407776   5. trigger_error($message = 'Composer detected issues in your platform: Your Composer dependencies require a PHP version ">= 8.2.0". You are running 8.0.30.', $error_level = 256) /var/www/html/vendor/composer/platform_check.php:24


Fatal error: Composer detected issues in your platform: Your Composer dependencies require a PHP version ">= 8.2.0". You are running 8.0.30. in /var/www/html/vendor/composer/platform_check.php on line 24

Call Stack:
    0.0190     391528   1. {main}() /var/www/html/artisan:0
    0.0559     394688   2. require('/var/www/html/vendor/autoload.php') /var/www/html/artisan:9
    0.0587     402952   3. ComposerAutoloaderInit7e8c3c14ff33b199b4a0838993eb8423::getLoader() /var/www/html/vendor/autoload.php:25
    0.0648     407200   4. require('/var/www/html/vendor/composer/platform_check.php') /var/www/html/vendor/composer/autoload_real.php:25
    0.0649     407776   5. trigger_error($message = 'Composer detected issues in your platform: Your Composer dependencies require a PHP version ">= 8.2.0". You are running 8.0.30.', $error_level = 256) /var/www/html/vendor/composer/platform_check.php:24


Fatal error: Composer detected issues in your platform: Your Composer dependencies require a PHP version ">= 8.2.0". You are running 8.0.30. in /var/www/html/vendor/composer/platform_check.php on line 24

Call Stack:
    0.0293     391528   1. {main}() /var/www/html/artisan:0
    0.0586     394688   2. require('/var/www/html/vendor/autoload.php') /var/www/html/artisan:9
    0.0620     402952   3. ComposerAutoloaderInit7e8c3c14ff33b199b4a0838993eb8423::getLoader() /var/www/html/vendor/autoload.php:25
    0.0823     407200   4. require('/var/www/html/vendor/composer/platform_check.php') /var/www/html/vendor/composer/autoload_real.php:25
    0.0824     407776   5. trigger_error($message = 'Composer detected issues in your platform: Your Composer dependencies require a PHP version ">= 8.2.0". You are running 8.0.30.', $error_level = 256) /var/www/html/vendor/composer/platform_check.php:24


Fatal error: Composer detected issues in your platform: Your Composer dependencies require a PHP version ">= 8.2.0". You are running 8.0.30. in /var/www/html/vendor/composer/platform_check.php on line 24

Call Stack:
    0.0040     391528   1. {main}() /var/www/html/artisan:0
    0.0069     394688   2. require('/var/www/html/vendor/autoload.php') /var/www/html/artisan:9
    0.0095     402952   3. ComposerAutoloaderInit7e8c3c14ff33b199b4a0838993eb8423::getLoader() /var/www/html/vendor/autoload.php:25
    0.0104     407200   4. require('/var/www/html/vendor/composer/platform_check.php') /var/www/html/vendor/composer/autoload_real.php:25
    0.0104     407776   5. trigger_error($message = 'Composer detected issues in your platform: Your Composer dependencies require a PHP version ">= 8.2.0". You are running 8.0.30.', $error_level = 256) /var/www/html/vendor/composer/platform_check.php:24


Fatal error: Composer detected issues in your platform: Your Composer dependencies require a PHP version ">= 8.2.0". You are running 8.0.30. in /var/www/html/vendor/composer/platform_check.php on line 24

Call Stack:
    0.0015     391528   1. {main}() /var/www/html/artisan:0
    0.0041     394688   2. require('/var/www/html/vendor/autoload.php') /var/www/html/artisan:9
    0.0128     402952   3. ComposerAutoloaderInit7e8c3c14ff33b199b4a0838993eb8423::getLoader() /var/www/html/vendor/autoload.php:25
    0.0274     407200   4. require('/var/www/html/vendor/composer/platform_check.php') /var/www/html/vendor/composer/autoload_real.php:25
    0.0274     407776   5. trigger_error($message = 'Composer detected issues in your platform: Your Composer dependencies require a PHP version ">= 8.2.0". You are running 8.0.30.', $error_level = 256) /var/www/html/vendor/composer/platform_check.php:24


Fatal error: Composer detected issues in your platform: Your Composer dependencies require a PHP version ">= 8.2.0". You are running 8.0.30. in /var/www/html/vendor/composer/platform_check.php on line 24

Call Stack:
    0.0162     391528   1. {main}() /var/www/html/artisan:0
    0.0250     394688   2. require('/var/www/html/vendor/autoload.php') /var/www/html/artisan:9
    0.0329     402952   3. ComposerAutoloaderInit7e8c3c14ff33b199b4a0838993eb8423::getLoader() /var/www/html/vendor/autoload.php:25
    0.0412     407200   4. require('/var/www/html/vendor/composer/platform_check.php') /var/www/html/vendor/composer/autoload_real.php:25
    0.0412     407776   5. trigger_error($message = 'Composer detected issues in your platform: Your Composer dependencies require a PHP version ">= 8.2.0". You are running 8.0.30.', $error_level = 256) /var/www/html/vendor/composer/platform_check.php:24


Fatal error: Composer detected issues in your platform: Your Composer dependencies require a PHP version ">= 8.2.0". You are running 8.0.30. in /var/www/html/vendor/composer/platform_check.php on line 24

Call Stack:
    0.0197     391528   1. {main}() /var/www/html/artisan:0
    0.0354     394688   2. require('/var/www/html/vendor/autoload.php') /var/www/html/artisan:9
    0.0433     402952   3. ComposerAutoloaderInit7e8c3c14ff33b199b4a0838993eb8423::getLoader() /var/www/html/vendor/autoload.php:25
    0.0463     407200   4. require('/var/www/html/vendor/composer/platform_check.php') /var/www/html/vendor/composer/autoload_real.php:25
    0.0463     407776   5. trigger_error($message = 'Composer detected issues in your platform: Your Composer dependencies require a PHP version ">= 8.2.0". You are running 8.0.30.', $error_level = 256) /var/www/html/vendor/composer/platform_check.php:24


Fatal error: Composer detected issues in your platform: Your Composer dependencies require a PHP version ">= 8.2.0". You are running 8.0.30. in /var/www/html/vendor/composer/platform_check.php on line 24

Call Stack:
    0.0019     391528   1. {main}() /var/www/html/artisan:0
    0.0087     394688   2. require('/var/www/html/vendor/autoload.php') /var/www/html/artisan:9
    0.0146     402952   3. ComposerAutoloaderInit7e8c3c14ff33b199b4a0838993eb8423::getLoader() /var/www/html/vendor/autoload.php:25
    0.0204     407200   4. require('/var/www/html/vendor/composer/platform_check.php') /var/www/html/vendor/composer/autoload_real.php:25
    0.0204     407776   5. trigger_error($message = 'Composer detected issues in your platform: Your Composer dependencies require a PHP version ">= 8.2.0". You are running 8.0.30.', $error_level = 256) /var/www/html/vendor/composer/platform_check.php:24


Fatal error: Composer detected issues in your platform: Your Composer dependencies require a PHP version ">= 8.2.0". You are running 8.0.30. in /var/www/html/vendor/composer/platform_check.php on line 24

Call Stack:
    0.0025     391528   1. {main}() /var/www/html/artisan:0
    0.0159     394688   2. require('/var/www/html/vendor/autoload.php') /var/www/html/artisan:9
    0.0185     402952   3. ComposerAutoloaderInit7e8c3c14ff33b199b4a0838993eb8423::getLoader() /var/www/html/vendor/autoload.php:25
    0.0249     407200   4. require('/var/www/html/vendor/composer/platform_check.php') /var/www/html/vendor/composer/autoload_real.php:25
    0.0249     407776   5. trigger_error($message = 'Composer detected issues in your platform: Your Composer dependencies require a PHP version ">= 8.2.0". You are running 8.0.30.', $error_level = 256) /var/www/html/vendor/composer/platform_check.php:24


Fatal error: Composer detected issues in your platform: Your Composer dependencies require a PHP version ">= 8.2.0". You are running 8.0.30. in /var/www/html/vendor/composer/platform_check.php on line 24

Call Stack:
    0.0317     391528   1. {main}() /var/www/html/artisan:0
    0.0945     394688   2. require('/var/www/html/vendor/autoload.php') /var/www/html/artisan:9
    0.3345     402952   3. ComposerAutoloaderInit7e8c3c14ff33b199b4a0838993eb8423::getLoader() /var/www/html/vendor/autoload.php:25
    0.3731     407200   4. require('/var/www/html/vendor/composer/platform_check.php') /var/www/html/vendor/composer/autoload_real.php:25
    0.3732     407776   5. trigger_error($message = 'Composer detected issues in your platform: Your Composer dependencies require a PHP version ">= 8.2.0". You are running 8.0.30.', $error_level = 256) /var/www/html/vendor/composer/platform_check.php:24


Fatal error: Composer detected issues in your platform: Your Composer dependencies require a PHP version ">= 8.2.0". You are running 8.0.30. in /var/www/html/vendor/composer/platform_check.php on line 24

Call Stack:
    0.0176     391528   1. {main}() /var/www/html/artisan:0
    0.0483     394688   2. require('/var/www/html/vendor/autoload.php') /var/www/html/artisan:9
    0.0636     402952   3. ComposerAutoloaderInit7e8c3c14ff33b199b4a0838993eb8423::getLoader() /var/www/html/vendor/autoload.php:25
    0.0903     407200   4. require('/var/www/html/vendor/composer/platform_check.php') /var/www/html/vendor/composer/autoload_real.php:25
    0.0903     407776   5. trigger_error($message = 'Composer detected issues in your platform: Your Composer dependencies require a PHP version ">= 8.2.0". You are running 8.0.30.', $error_level = 256) /var/www/html/vendor/composer/platform_check.php:24


Fatal error: Composer detected issues in your platform: Your Composer dependencies require a PHP version ">= 8.2.0". You are running 8.0.30. in /var/www/html/vendor/composer/platform_check.php on line 24

Call Stack:
    0.0022     391528   1. {main}() /var/www/html/artisan:0
    0.0136     394688   2. require('/var/www/html/vendor/autoload.php') /var/www/html/artisan:9
    0.0243     402952   3. ComposerAutoloaderInit7e8c3c14ff33b199b4a0838993eb8423::getLoader() /var/www/html/vendor/autoload.php:25
    0.0322     407200   4. require('/var/www/html/vendor/composer/platform_check.php') /var/www/html/vendor/composer/autoload_real.php:25
    0.0323     407776   5. trigger_error($message = 'Composer detected issues in your platform: Your Composer dependencies require a PHP version ">= 8.2.0". You are running 8.0.30.', $error_level = 256) /var/www/html/vendor/composer/platform_check.php:24


Fatal error: Composer detected issues in your platform: Your Composer dependencies require a PHP version ">= 8.2.0". You are running 8.0.30. in /var/www/html/vendor/composer/platform_check.php on line 24

Call Stack:
    0.0106     391528   1. {main}() /var/www/html/artisan:0
    0.0221     394688   2. require('/var/www/html/vendor/autoload.php') /var/www/html/artisan:9
    0.0302     402952   3. ComposerAutoloaderInit7e8c3c14ff33b199b4a0838993eb8423::getLoader() /var/www/html/vendor/autoload.php:25
    0.0368     407200   4. require('/var/www/html/vendor/composer/platform_check.php') /var/www/html/vendor/composer/autoload_real.php:25
    0.0368     407776   5. trigger_error($message = 'Composer detected issues in your platform: Your Composer dependencies require a PHP version ">= 8.2.0". You are running 8.0.30.', $error_level = 256) /var/www/html/vendor/composer/platform_check.php:24


Fatal error: Composer detected issues in your platform: Your Composer dependencies require a PHP version ">= 8.2.0". You are running 8.0.30. in /var/www/html/vendor/composer/platform_check.php on line 24

Call Stack:
    0.0063     391528   1. {main}() /var/www/html/artisan:0
    0.0250     394688   2. require('/var/www/html/vendor/autoload.php') /var/www/html/artisan:9
    0.0456     402952   3. ComposerAutoloaderInit7e8c3c14ff33b199b4a0838993eb8423::getLoader() /var/www/html/vendor/autoload.php:25
    0.2098     407200   4. require('/var/www/html/vendor/composer/platform_check.php') /var/www/html/vendor/composer/autoload_real.php:25
    0.2101     407776   5. trigger_error($message = 'Composer detected issues in your platform: Your Composer dependencies require a PHP version ">= 8.2.0". You are running 8.0.30.', $error_level = 256) /var/www/html/vendor/composer/platform_check.php:24


Fatal error: Composer detected issues in your platform: Your Composer dependencies require a PHP version ">= 8.2.0". You are running 8.0.30. in /var/www/html/vendor/composer/platform_check.php on line 24

Call Stack:
    0.0031     391528   1. {main}() /var/www/html/artisan:0
    0.0059     394688   2. require('/var/www/html/vendor/autoload.php') /var/www/html/artisan:9
    0.0108     402952   3. ComposerAutoloaderInit7e8c3c14ff33b199b4a0838993eb8423::getLoader() /var/www/html/vendor/autoload.php:25
    0.0205     407200   4. require('/var/www/html/vendor/composer/platform_check.php') /var/www/html/vendor/composer/autoload_real.php:25
    0.0205     407776   5. trigger_error($message = 'Composer detected issues in your platform: Your Composer dependencies require a PHP version ">= 8.2.0". You are running 8.0.30.', $error_level = 256) /var/www/html/vendor/composer/platform_check.php:24


Fatal error: Composer detected issues in your platform: Your Composer dependencies require a PHP version ">= 8.2.0". You are running 8.0.30. in /var/www/html/vendor/composer/platform_check.php on line 24

Call Stack:
    0.0010     391528   1. {main}() /var/www/html/artisan:0
    0.0020     394688   2. require('/var/www/html/vendor/autoload.php') /var/www/html/artisan:9
    0.0030     402952   3. ComposerAutoloaderInit7e8c3c14ff33b199b4a0838993eb8423::getLoader() /var/www/html/vendor/autoload.php:25
    0.0041     407200   4. require('/var/www/html/vendor/composer/platform_check.php') /var/www/html/vendor/composer/autoload_real.php:25
    0.0041     407776   5. trigger_error($message = 'Composer detected issues in your platform: Your Composer dependencies require a PHP version ">= 8.2.0". You are running 8.0.30.', $error_level = 256) /var/www/html/vendor/composer/platform_check.php:24


Fatal error: Composer detected issues in your platform: Your Composer dependencies require a PHP version ">= 8.2.0". You are running 8.0.30. in /var/www/html/vendor/composer/platform_check.php on line 24

Call Stack:
    0.0015     391528   1. {main}() /var/www/html/artisan:0
    0.0042     394688   2. require('/var/www/html/vendor/autoload.php') /var/www/html/artisan:9
    0.0062     402952   3. ComposerAutoloaderInit7e8c3c14ff33b199b4a0838993eb8423::getLoader() /var/www/html/vendor/autoload.php:25
    0.0091     407200   4. require('/var/www/html/vendor/composer/platform_check.php') /var/www/html/vendor/composer/autoload_real.php:25
    0.0092     407776   5. trigger_error($message = 'Composer detected issues in your platform: Your Composer dependencies require a PHP version ">= 8.2.0". You are running 8.0.30.', $error_level = 256) /var/www/html/vendor/composer/platform_check.php:24


Fatal error: Composer detected issues in your platform: Your Composer dependencies require a PHP version ">= 8.2.0". You are running 8.0.30. in /var/www/html/vendor/composer/platform_check.php on line 24

Call Stack:
    0.0013     391528   1. {main}() /var/www/html/artisan:0
    0.0289     394688   2. require('/var/www/html/vendor/autoload.php') /var/www/html/artisan:9
    0.0312     402952   3. ComposerAutoloaderInit7e8c3c14ff33b199b4a0838993eb8423::getLoader() /var/www/html/vendor/autoload.php:25
    0.0331     407200   4. require('/var/www/html/vendor/composer/platform_check.php') /var/www/html/vendor/composer/autoload_real.php:25
    0.0331     407776   5. trigger_error($message = 'Composer detected issues in your platform: Your Composer dependencies require a PHP version ">= 8.2.0". You are running 8.0.30.', $error_level = 256) /var/www/html/vendor/composer/platform_check.php:24


Fatal error: Composer detected issues in your platform: Your Composer dependencies require a PHP version ">= 8.2.0". You are running 8.0.30. in /var/www/html/vendor/composer/platform_check.php on line 24

Call Stack:
    0.0010     391528   1. {main}() /var/www/html/artisan:0
    0.0021     394688   2. require('/var/www/html/vendor/autoload.php') /var/www/html/artisan:9
    0.0071     402952   3. ComposerAutoloaderInit7e8c3c14ff33b199b4a0838993eb8423::getLoader() /var/www/html/vendor/autoload.php:25
    0.0087     407200   4. require('/var/www/html/vendor/composer/platform_check.php') /var/www/html/vendor/composer/autoload_real.php:25
    0.0087     407776   5. trigger_error($message = 'Composer detected issues in your platform: Your Composer dependencies require a PHP version ">= 8.2.0". You are running 8.0.30.', $error_level = 256) /var/www/html/vendor/composer/platform_check.php:24


Fatal error: Composer detected issues in your platform: Your Composer dependencies require a PHP version ">= 8.2.0". You are running 8.0.30. in /var/www/html/vendor/composer/platform_check.php on line 24

Call Stack:
    0.0008     391528   1. {main}() /var/www/html/artisan:0
    0.0017     394688   2. require('/var/www/html/vendor/autoload.php') /var/www/html/artisan:9
    0.0025     402952   3. ComposerAutoloaderInit7e8c3c14ff33b199b4a0838993eb8423::getLoader() /var/www/html/vendor/autoload.php:25
    0.0033     407200   4. require('/var/www/html/vendor/composer/platform_check.php') /var/www/html/vendor/composer/autoload_real.php:25
    0.0033     407776   5. trigger_error($message = 'Composer detected issues in your platform: Your Composer dependencies require a PHP version ">= 8.2.0". You are running 8.0.30.', $error_level = 256) /var/www/html/vendor/composer/platform_check.php:24


Fatal error: Composer detected issues in your platform: Your Composer dependencies require a PHP version ">= 8.2.0". You are running 8.0.30. in /var/www/html/vendor/composer/platform_check.php on line 24

Call Stack:
    0.0009     391528   1. {main}() /var/www/html/artisan:0
    0.0023     394688   2. require('/var/www/html/vendor/autoload.php') /var/www/html/artisan:9
    0.0068     402952   3. ComposerAutoloaderInit7e8c3c14ff33b199b4a0838993eb8423::getLoader() /var/www/html/vendor/autoload.php:25
    0.0114     407200   4. require('/var/www/html/vendor/composer/platform_check.php') /var/www/html/vendor/composer/autoload_real.php:25
    0.0116     407776   5. trigger_error($message = 'Composer detected issues in your platform: Your Composer dependencies require a PHP version ">= 8.2.0". You are running 8.0.30.', $error_level = 256) /var/www/html/vendor/composer/platform_check.php:24


Fatal error: Composer detected issues in your platform: Your Composer dependencies require a PHP version ">= 8.2.0". You are running 8.0.30. in /var/www/html/vendor/composer/platform_check.php on line 24

Call Stack:
    0.0012     391528   1. {main}() /var/www/html/artisan:0
    0.0476     394688   2. require('/var/www/html/vendor/autoload.php') /var/www/html/artisan:9
    0.0514     402952   3. ComposerAutoloaderInit7e8c3c14ff33b199b4a0838993eb8423::getLoader() /var/www/html/vendor/autoload.php:25
    0.0606     407200   4. require('/var/www/html/vendor/composer/platform_check.php') /var/www/html/vendor/composer/autoload_real.php:25
    0.0607     407776   5. trigger_error($message = 'Composer detected issues in your platform: Your Composer dependencies require a PHP version ">= 8.2.0". You are running 8.0.30.', $error_level = 256) /var/www/html/vendor/composer/platform_check.php:24


Fatal error: Composer detected issues in your platform: Your Composer dependencies require a PHP version ">= 8.2.0". You are running 8.0.30. in /var/www/html/vendor/composer/platform_check.php on line 24

Call Stack:
    0.0009     391528   1. {main}() /var/www/html/artisan:0
    0.0019     394688   2. require('/var/www/html/vendor/autoload.php') /var/www/html/artisan:9
    0.0030     402952   3. ComposerAutoloaderInit7e8c3c14ff33b199b4a0838993eb8423::getLoader() /var/www/html/vendor/autoload.php:25
    0.0042     407200   4. require('/var/www/html/vendor/composer/platform_check.php') /var/www/html/vendor/composer/autoload_real.php:25
    0.0043     407776   5. trigger_error($message = 'Composer detected issues in your platform: Your Composer dependencies require a PHP version ">= 8.2.0". You are running 8.0.30.', $error_level = 256) /var/www/html/vendor/composer/platform_check.php:24


Fatal error: Composer detected issues in your platform: Your Composer dependencies require a PHP version ">= 8.2.0". You are running 8.0.30. in /var/www/html/vendor/composer/platform_check.php on line 24

Call Stack:
    0.0032     391528   1. {main}() /var/www/html/artisan:0
    0.0045     394688   2. require('/var/www/html/vendor/autoload.php') /var/www/html/artisan:9
    0.0076     402952   3. ComposerAutoloaderInit7e8c3c14ff33b199b4a0838993eb8423::getLoader() /var/www/html/vendor/autoload.php:25
    0.0097     407200   4. require('/var/www/html/vendor/composer/platform_check.php') /var/www/html/vendor/composer/autoload_real.php:25
    0.0097     407776   5. trigger_error($message = 'Composer detected issues in your platform: Your Composer dependencies require a PHP version ">= 8.2.0". You are running 8.0.30.', $error_level = 256) /var/www/html/vendor/composer/platform_check.php:24


Fatal error: Composer detected issues in your platform: Your Composer dependencies require a PHP version ">= 8.2.0". You are running 8.0.30. in /var/www/html/vendor/composer/platform_check.php on line 24

Call Stack:
    0.0021     391528   1. {main}() /var/www/html/artisan:0
    0.0043     394688   2. require('/var/www/html/vendor/autoload.php') /var/www/html/artisan:9
    0.0051     402952   3. ComposerAutoloaderInit7e8c3c14ff33b199b4a0838993eb8423::getLoader() /var/www/html/vendor/autoload.php:25
    0.0062     407200   4. require('/var/www/html/vendor/composer/platform_check.php') /var/www/html/vendor/composer/autoload_real.php:25
    0.0062     407776   5. trigger_error($message = 'Composer detected issues in your platform: Your Composer dependencies require a PHP version ">= 8.2.0". You are running 8.0.30.', $error_level = 256) /var/www/html/vendor/composer/platform_check.php:24


Fatal error: Composer detected issues in your platform: Your Composer dependencies require a PHP version ">= 8.2.0". You are running 8.0.30. in /var/www/html/vendor/composer/platform_check.php on line 24

Call Stack:
    0.0037     391528   1. {main}() /var/www/html/artisan:0
    0.0053     394688   2. require('/var/www/html/vendor/autoload.php') /var/www/html/artisan:9
    0.0072     402952   3. ComposerAutoloaderInit7e8c3c14ff33b199b4a0838993eb8423::getLoader() /var/www/html/vendor/autoload.php:25
    0.0188     407200   4. require('/var/www/html/vendor/composer/platform_check.php') /var/www/html/vendor/composer/autoload_real.php:25
    0.0189     407776   5. trigger_error($message = 'Composer detected issues in your platform: Your Composer dependencies require a PHP version ">= 8.2.0". You are running 8.0.30.', $error_level = 256) /var/www/html/vendor/composer/platform_check.php:24


Fatal error: Composer detected issues in your platform: Your Composer dependencies require a PHP version ">= 8.2.0". You are running 8.0.30. in /var/www/html/vendor/composer/platform_check.php on line 24

Call Stack:
    0.0024     391528   1. {main}() /var/www/html/artisan:0
    0.0143     394688   2. require('/var/www/html/vendor/autoload.php') /var/www/html/artisan:9
    0.0166     402952   3. ComposerAutoloaderInit7e8c3c14ff33b199b4a0838993eb8423::getLoader() /var/www/html/vendor/autoload.php:25
    0.0190     407200   4. require('/var/www/html/vendor/composer/platform_check.php') /var/www/html/vendor/composer/autoload_real.php:25
    0.0191     407776   5. trigger_error($message = 'Composer detected issues in your platform: Your Composer dependencies require a PHP version ">= 8.2.0". You are running 8.0.30.', $error_level = 256) /var/www/html/vendor/composer/platform_check.php:24

